timestamp: 2009-11-05T01:02:07.936201
CREATE TABLE auth_user(
	id INTEGER PRIMARY KEY AUTOINCREMENT,
	first_name CHAR(128),
	last_name CHAR(128),
	email CHAR(512),
	password CHAR(512),
	registration_key CHAR(512)
);
success!
timestamp: 2009-11-05T01:02:07.946514
CREATE TABLE auth_group(
	id INTEGER PRIMARY KEY AUTOINCREMENT,
	role CHAR(512),
	description TEXT
);
success!
timestamp: 2009-11-05T01:02:07.951820
CREATE TABLE auth_membership(
	id INTEGER PRIMARY KEY AUTOINCREMENT,
	user_id REFERENCES auth_user(id) ON DELETE CASCADE,
	group_id REFERENCES auth_group(id) ON DELETE CASCADE
);
success!
timestamp: 2009-11-05T01:02:07.958040
CREATE TABLE auth_permission(
	id INTEGER PRIMARY KEY AUTOINCREMENT,
	group_id REFERENCES auth_group(id) ON DELETE CASCADE,
	name CHAR(512),
	table_name CHAR(512),
	record_id INTEGER
);
success!
timestamp: 2009-11-05T01:02:07.963720
CREATE TABLE auth_event(
	id INTEGER PRIMARY KEY AUTOINCREMENT,
	time_stamp TIMESTAMP,
	client_ip CHAR(512),
	user_id REFERENCES auth_user(id) ON DELETE CASCADE,
	origin CHAR(512),
	description TEXT
);
success!
